|SourceProjectName:SIGQUINDIOIII.hpr
|DestinationProjectName:index.htm
index_hha.hhk
index.hhc
index.hhk
Beat_the_Clock!.htm
First_Topic.htm
Glossary.htm
MyCompany_Player_interactive.htm
MyCompany_Player_package_contents.htm
MyCompany_Portable_MP3_Player.htm
SIG_QUINDIO_MUW_V_1.0_09082018.htm
System_Requirements.htm
template\Indigo\usersettings.js
template\Charcoal_Grey\usersettings.js
template\Azure_Blue\usersettings.js
index.glo
default.css
SIG_QUINDIO_MUW_V_1.0_09082018.css
template\Indigo\layout.css
template\Indigo\layout-rtl.css
template\Indigo\theme-1.css
template\Indigo\toc_c_images.css
template\Charcoal_Grey\layout-rtl.css
template\Charcoal_Grey\layout.css
template\Azure_Blue\layout-rtl.css
template\Azure_Blue\layout.css
template\Azure_Blue\back_mobile_filter.png
template\Azure_Blue\toc_mobile.png
template\Azure_Blue\toc_topic_mobile.png
template\Charcoal_Grey\toc_book_closed_mobile_ltr.png
template\Charcoal_Grey\toc_book_closed_mobile_rtl.png
template\Charcoal_Grey\preview\search-desktop.png
template\Indigo\theme-1-search-results-text-files.png
template\Indigo\theme-1-search-results-spreadsheets.png
template\Azure_Blue\previous_active.png
template\Azure_Blue\next_tab_active.png
template\Azure_Blue\preview\layout-media-queries.png
template\Charcoal_Grey\search_desktop_navigation.png
template\Charcoal_Grey\idx_topic.png
template\Indigo\theme-1-search-results-documents.png
template\Indigo\theme-1-toc-topic.png
template\Indigo\theme-1-toc-back.png
template\Indigo\theme-1-toc-book.png
template\Indigo\theme-1-arrow-toc-drill-down-over.png
template\Azure_Blue\index_desktop.png
template\Azure_Blue\index_tab.png
template\Azure_Blue\index_mobile.png
template\Charcoal_Grey\remove.png
template\Charcoal_Grey\next_active.png
template\Charcoal_Grey\next.png
template\Charcoal_Grey\search_tab.png
template\Charcoal_Grey\next_tab.png
template\Charcoal_Grey\next_mobile.png
template\Indigo\theme-1-bookmarks.png
template\Indigo\theme-1-search-remove-hover.png
template\Indigo\theme-1-search-remove.png
template\Indigo\preview\sidebar-contents.png
SIG_QUINDIO_MUW_V_1.0_09082018_archivos\image528.png
SIG_QUINDIO_MUW_V_1.0_09082018_archivos\image527.png
SIG_QUINDIO_MUW_V_1.0_09082018_archivos\image525.png
SIG_QUINDIO_MUW_V_1.0_09082018_archivos\image523.png
SIG_QUINDIO_MUW_V_1.0_09082018_archivos\image521.png
SIG_QUINDIO_MUW_V_1.0_09082018_archivos\image519.png
SIG_QUINDIO_MUW_V_1.0_09082018_archivos\image517.png
SIG_QUINDIO_MUW_V_1.0_09082018_archivos\image515.png
SIG_QUINDIO_MUW_V_1.0_09082018_archivos\image514.png
SIG_QUINDIO_MUW_V_1.0_09082018_archivos\image512.png
SIG_QUINDIO_MUW_V_1.0_09082018_archivos\image510.png
SIG_QUINDIO_MUW_V_1.0_09082018_archivos\image508.png
SIG_QUINDIO_MUW_V_1.0_09082018_archivos\image506.png
SIG_QUINDIO_MUW_V_1.0_09082018_archivos\image504.png
SIG_QUINDIO_MUW_V_1.0_09082018_archivos\image502.png
SIG_QUINDIO_MUW_V_1.0_09082018_archivos\image501.png
SIG_QUINDIO_MUW_V_1.0_09082018_archivos\image499.png
SIG_QUINDIO_MUW_V_1.0_09082018_archivos\image497.png
SIG_QUINDIO_MUW_V_1.0_09082018_archivos\image495.png
SIG_QUINDIO_MUW_V_1.0_09082018_archivos\image493.png
SIG_QUINDIO_MUW_V_1.0_09082018_archivos\image491.png
SIG_QUINDIO_MUW_V_1.0_09082018_archivos\image490.png
SIG_QUINDIO_MUW_V_1.0_09082018_archivos\image488.png
SIG_QUINDIO_MUW_V_1.0_09082018_archivos\image487.png
SIG_QUINDIO_MUW_V_1.0_09082018_archivos\image485.png
SIG_QUINDIO_MUW_V_1.0_09082018_archivos\image484.png
SIG_QUINDIO_MUW_V_1.0_09082018_archivos\image482.png
SIG_QUINDIO_MUW_V_1.0_09082018_archivos\image480.png
SIG_QUINDIO_MUW_V_1.0_09082018_archivos\image478.png
SIG_QUINDIO_MUW_V_1.0_09082018_archivos\image476.png
SIG_QUINDIO_MUW_V_1.0_09082018_archivos\image474.png
SIG_QUINDIO_MUW_V_1.0_09082018_archivos\image472.png
SIG_QUINDIO_MUW_V_1.0_09082018_archivos\image470.png
SIG_QUINDIO_MUW_V_1.0_09082018_archivos\image468.png
SIG_QUINDIO_MUW_V_1.0_09082018_archivos\image467.png
SIG_QUINDIO_MUW_V_1.0_09082018_archivos\image465.png
SIG_QUINDIO_MUW_V_1.0_09082018_archivos\image463.png
SIG_QUINDIO_MUW_V_1.0_09082018_archivos\image461.png
SIG_QUINDIO_MUW_V_1.0_09082018_archivos\image459.png
SIG_QUINDIO_MUW_V_1.0_09082018_archivos\image457.png
SIG_QUINDIO_MUW_V_1.0_09082018_archivos\image455.png
SIG_QUINDIO_MUW_V_1.0_09082018_archivos\image453.png
SIG_QUINDIO_MUW_V_1.0_09082018_archivos\image451.png
SIG_QUINDIO_MUW_V_1.0_09082018_archivos\image449.png
SIG_QUINDIO_MUW_V_1.0_09082018_archivos\image448.png
SIG_QUINDIO_MUW_V_1.0_09082018_archivos\image446.png
SIG_QUINDIO_MUW_V_1.0_09082018_archivos\image444.png
SIG_QUINDIO_MUW_V_1.0_09082018_archivos\image442.png
SIG_QUINDIO_MUW_V_1.0_09082018_archivos\image440.png
SIG_QUINDIO_MUW_V_1.0_09082018_archivos\image439.png
SIG_QUINDIO_MUW_V_1.0_09082018_archivos\image437.png
SIG_QUINDIO_MUW_V_1.0_09082018_archivos\image435.png
SIG_QUINDIO_MUW_V_1.0_09082018_archivos\image433.png
SIG_QUINDIO_MUW_V_1.0_09082018_archivos\image431.png
SIG_QUINDIO_MUW_V_1.0_09082018_archivos\image429.png
SIG_QUINDIO_MUW_V_1.0_09082018_archivos\image427.png
SIG_QUINDIO_MUW_V_1.0_09082018_archivos\image425.png
SIG_QUINDIO_MUW_V_1.0_09082018_archivos\image423.png
SIG_QUINDIO_MUW_V_1.0_09082018_archivos\image422.png
SIG_QUINDIO_MUW_V_1.0_09082018_archivos\image421.png
SIG_QUINDIO_MUW_V_1.0_09082018_archivos\image420.png
SIG_QUINDIO_MUW_V_1.0_09082018_archivos\image418.png
SIG_QUINDIO_MUW_V_1.0_09082018_archivos\image416.png
SIG_QUINDIO_MUW_V_1.0_09082018_archivos\image414.png
SIG_QUINDIO_MUW_V_1.0_09082018_archivos\image412.png
SIG_QUINDIO_MUW_V_1.0_09082018_archivos\image410.png
SIG_QUINDIO_MUW_V_1.0_09082018_archivos\image408.png
SIG_QUINDIO_MUW_V_1.0_09082018_archivos\image406.png
SIG_QUINDIO_MUW_V_1.0_09082018_archivos\image404.png
SIG_QUINDIO_MUW_V_1.0_09082018_archivos\image402.png
SIG_QUINDIO_MUW_V_1.0_09082018_archivos\image400.png
SIG_QUINDIO_MUW_V_1.0_09082018_archivos\image398.png
SIG_QUINDIO_MUW_V_1.0_09082018_archivos\image397.png
SIG_QUINDIO_MUW_V_1.0_09082018_archivos\image395.png
SIG_QUINDIO_MUW_V_1.0_09082018_archivos\image393.png
SIG_QUINDIO_MUW_V_1.0_09082018_archivos\image391.png
SIG_QUINDIO_MUW_V_1.0_09082018_archivos\image389.png
SIG_QUINDIO_MUW_V_1.0_09082018_archivos\image387.png
SIG_QUINDIO_MUW_V_1.0_09082018_archivos\image385.png
SIG_QUINDIO_MUW_V_1.0_09082018_archivos\image383.png
SIG_QUINDIO_MUW_V_1.0_09082018_archivos\image382.png
SIG_QUINDIO_MUW_V_1.0_09082018_archivos\image380.png
SIG_QUINDIO_MUW_V_1.0_09082018_archivos\image378.png
SIG_QUINDIO_MUW_V_1.0_09082018_archivos\image376.png
SIG_QUINDIO_MUW_V_1.0_09082018_archivos\image374.png
SIG_QUINDIO_MUW_V_1.0_09082018_archivos\image372.png
SIG_QUINDIO_MUW_V_1.0_09082018_archivos\image370.png
SIG_QUINDIO_MUW_V_1.0_09082018_archivos\image368.png
SIG_QUINDIO_MUW_V_1.0_09082018_archivos\image366.png
SIG_QUINDIO_MUW_V_1.0_09082018_archivos\image365.png
SIG_QUINDIO_MUW_V_1.0_09082018_archivos\image363.png
SIG_QUINDIO_MUW_V_1.0_09082018_archivos\image362.png
SIG_QUINDIO_MUW_V_1.0_09082018_archivos\image360.png
SIG_QUINDIO_MUW_V_1.0_09082018_archivos\image359.png
SIG_QUINDIO_MUW_V_1.0_09082018_archivos\image357.png
SIG_QUINDIO_MUW_V_1.0_09082018_archivos\image355.png
SIG_QUINDIO_MUW_V_1.0_09082018_archivos\image353.png
SIG_QUINDIO_MUW_V_1.0_09082018_archivos\image352.png
SIG_QUINDIO_MUW_V_1.0_09082018_archivos\image350.png
SIG_QUINDIO_MUW_V_1.0_09082018_archivos\image348.png
SIG_QUINDIO_MUW_V_1.0_09082018_archivos\image346.png
SIG_QUINDIO_MUW_V_1.0_09082018_archivos\image344.png
SIG_QUINDIO_MUW_V_1.0_09082018_archivos\image342.png
SIG_QUINDIO_MUW_V_1.0_09082018_archivos\image340.png
SIG_QUINDIO_MUW_V_1.0_09082018_archivos\image338.png
SIG_QUINDIO_MUW_V_1.0_09082018_archivos\image336.png
SIG_QUINDIO_MUW_V_1.0_09082018_archivos\image335.png
SIG_QUINDIO_MUW_V_1.0_09082018_archivos\image334.png
SIG_QUINDIO_MUW_V_1.0_09082018_archivos\image333.png
SIG_QUINDIO_MUW_V_1.0_09082018_archivos\image331.png
SIG_QUINDIO_MUW_V_1.0_09082018_archivos\image329.png
SIG_QUINDIO_MUW_V_1.0_09082018_archivos\image328.png
SIG_QUINDIO_MUW_V_1.0_09082018_archivos\image326.png
SIG_QUINDIO_MUW_V_1.0_09082018_archivos\image324.png
SIG_QUINDIO_MUW_V_1.0_09082018_archivos\image322.png
SIG_QUINDIO_MUW_V_1.0_09082018_archivos\image320.png
SIG_QUINDIO_MUW_V_1.0_09082018_archivos\image318.png
SIG_QUINDIO_MUW_V_1.0_09082018_archivos\image316.png
SIG_QUINDIO_MUW_V_1.0_09082018_archivos\image314.png
SIG_QUINDIO_MUW_V_1.0_09082018_archivos\image312.png
SIG_QUINDIO_MUW_V_1.0_09082018_archivos\image311.png
SIG_QUINDIO_MUW_V_1.0_09082018_archivos\image307.png
SIG_QUINDIO_MUW_V_1.0_09082018_archivos\image305.png
SIG_QUINDIO_MUW_V_1.0_09082018_archivos\image303.png
SIG_QUINDIO_MUW_V_1.0_09082018_archivos\image301.png
SIG_QUINDIO_MUW_V_1.0_09082018_archivos\image299.png
SIG_QUINDIO_MUW_V_1.0_09082018_archivos\image297.png
SIG_QUINDIO_MUW_V_1.0_09082018_archivos\image294.png
SIG_QUINDIO_MUW_V_1.0_09082018_archivos\image292.png
SIG_QUINDIO_MUW_V_1.0_09082018_archivos\image290.png
SIG_QUINDIO_MUW_V_1.0_09082018_archivos\image288.png
SIG_QUINDIO_MUW_V_1.0_09082018_archivos\image286.png
SIG_QUINDIO_MUW_V_1.0_09082018_archivos\image283.png
SIG_QUINDIO_MUW_V_1.0_09082018_archivos\image281.png
SIG_QUINDIO_MUW_V_1.0_09082018_archivos\image279.png
SIG_QUINDIO_MUW_V_1.0_09082018_archivos\image278.png
SIG_QUINDIO_MUW_V_1.0_09082018_archivos\image276.png
SIG_QUINDIO_MUW_V_1.0_09082018_archivos\image274.png
SIG_QUINDIO_MUW_V_1.0_09082018_archivos\image273.png
SIG_QUINDIO_MUW_V_1.0_09082018_archivos\image271.png
SIG_QUINDIO_MUW_V_1.0_09082018_archivos\image269.png
SIG_QUINDIO_MUW_V_1.0_09082018_archivos\image267.png
SIG_QUINDIO_MUW_V_1.0_09082018_archivos\image266.png
SIG_QUINDIO_MUW_V_1.0_09082018_archivos\image264.png
SIG_QUINDIO_MUW_V_1.0_09082018_archivos\image262.png
SIG_QUINDIO_MUW_V_1.0_09082018_archivos\image260.png
SIG_QUINDIO_MUW_V_1.0_09082018_archivos\image258.png
SIG_QUINDIO_MUW_V_1.0_09082018_archivos\image257.png
SIG_QUINDIO_MUW_V_1.0_09082018_archivos\image256.png
SIG_QUINDIO_MUW_V_1.0_09082018_archivos\image255.png
SIG_QUINDIO_MUW_V_1.0_09082018_archivos\image254.png
SIG_QUINDIO_MUW_V_1.0_09082018_archivos\image253.png
SIG_QUINDIO_MUW_V_1.0_09082018_archivos\image251.png
SIG_QUINDIO_MUW_V_1.0_09082018_archivos\image250.png
SIG_QUINDIO_MUW_V_1.0_09082018_archivos\image249.png
SIG_QUINDIO_MUW_V_1.0_09082018_archivos\image247.png
SIG_QUINDIO_MUW_V_1.0_09082018_archivos\image245.png
SIG_QUINDIO_MUW_V_1.0_09082018_archivos\image244.png
SIG_QUINDIO_MUW_V_1.0_09082018_archivos\image243.png
SIG_QUINDIO_MUW_V_1.0_09082018_archivos\image241.png
SIG_QUINDIO_MUW_V_1.0_09082018_archivos\image239.png
SIG_QUINDIO_MUW_V_1.0_09082018_archivos\image238.png
SIG_QUINDIO_MUW_V_1.0_09082018_archivos\image235.png
SIG_QUINDIO_MUW_V_1.0_09082018_archivos\image233.png
SIG_QUINDIO_MUW_V_1.0_09082018_archivos\image231.png
SIG_QUINDIO_MUW_V_1.0_09082018_archivos\image229.png
SIG_QUINDIO_MUW_V_1.0_09082018_archivos\image227.png
SIG_QUINDIO_MUW_V_1.0_09082018_archivos\image226.png
SIG_QUINDIO_MUW_V_1.0_09082018_archivos\image225.png
SIG_QUINDIO_MUW_V_1.0_09082018_archivos\image224.png
SIG_QUINDIO_MUW_V_1.0_09082018_archivos\image223.png
SIG_QUINDIO_MUW_V_1.0_09082018_archivos\image221.png
SIG_QUINDIO_MUW_V_1.0_09082018_archivos\image219.png
SIG_QUINDIO_MUW_V_1.0_09082018_archivos\image218.png
SIG_QUINDIO_MUW_V_1.0_09082018_archivos\image215.png
SIG_QUINDIO_MUW_V_1.0_09082018_archivos\image214.png
SIG_QUINDIO_MUW_V_1.0_09082018_archivos\image213.png
SIG_QUINDIO_MUW_V_1.0_09082018_archivos\image212.png
SIG_QUINDIO_MUW_V_1.0_09082018_archivos\image211.png
SIG_QUINDIO_MUW_V_1.0_09082018_archivos\image210.png
SIG_QUINDIO_MUW_V_1.0_09082018_archivos\image209.png
SIG_QUINDIO_MUW_V_1.0_09082018_archivos\image207.png
SIG_QUINDIO_MUW_V_1.0_09082018_archivos\image206.png
SIG_QUINDIO_MUW_V_1.0_09082018_archivos\image205.png
SIG_QUINDIO_MUW_V_1.0_09082018_archivos\image204.png
SIG_QUINDIO_MUW_V_1.0_09082018_archivos\image203.png
SIG_QUINDIO_MUW_V_1.0_09082018_archivos\image201.png
SIG_QUINDIO_MUW_V_1.0_09082018_archivos\image200.png
SIG_QUINDIO_MUW_V_1.0_09082018_archivos\image198.png
SIG_QUINDIO_MUW_V_1.0_09082018_archivos\image197.png
SIG_QUINDIO_MUW_V_1.0_09082018_archivos\image196.png
SIG_QUINDIO_MUW_V_1.0_09082018_archivos\image195.png
SIG_QUINDIO_MUW_V_1.0_09082018_archivos\image194.png
SIG_QUINDIO_MUW_V_1.0_09082018_archivos\image193.png
SIG_QUINDIO_MUW_V_1.0_09082018_archivos\image192.png
SIG_QUINDIO_MUW_V_1.0_09082018_archivos\image190.png
SIG_QUINDIO_MUW_V_1.0_09082018_archivos\image188.png
SIG_QUINDIO_MUW_V_1.0_09082018_archivos\image187.png
SIG_QUINDIO_MUW_V_1.0_09082018_archivos\image186.png
SIG_QUINDIO_MUW_V_1.0_09082018_archivos\image184.png
SIG_QUINDIO_MUW_V_1.0_09082018_archivos\image182.png
SIG_QUINDIO_MUW_V_1.0_09082018_archivos\image181.png
SIG_QUINDIO_MUW_V_1.0_09082018_archivos\image180.png
SIG_QUINDIO_MUW_V_1.0_09082018_archivos\image178.png
SIG_QUINDIO_MUW_V_1.0_09082018_archivos\image176.png
SIG_QUINDIO_MUW_V_1.0_09082018_archivos\image175.png
SIG_QUINDIO_MUW_V_1.0_09082018_archivos\image173.png
SIG_QUINDIO_MUW_V_1.0_09082018_archivos\image172.png
SIG_QUINDIO_MUW_V_1.0_09082018_archivos\image171.png
SIG_QUINDIO_MUW_V_1.0_09082018_archivos\image169.png
SIG_QUINDIO_MUW_V_1.0_09082018_archivos\image167.png
SIG_QUINDIO_MUW_V_1.0_09082018_archivos\image166.png
SIG_QUINDIO_MUW_V_1.0_09082018_archivos\image164.png
SIG_QUINDIO_MUW_V_1.0_09082018_archivos\image162.png
SIG_QUINDIO_MUW_V_1.0_09082018_archivos\image160.png
SIG_QUINDIO_MUW_V_1.0_09082018_archivos\image159.png
SIG_QUINDIO_MUW_V_1.0_09082018_archivos\image158.png
SIG_QUINDIO_MUW_V_1.0_09082018_archivos\image157.png
SIG_QUINDIO_MUW_V_1.0_09082018_archivos\image156.png
SIG_QUINDIO_MUW_V_1.0_09082018_archivos\image155.png
SIG_QUINDIO_MUW_V_1.0_09082018_archivos\image153.png
SIG_QUINDIO_MUW_V_1.0_09082018_archivos\image151.png
SIG_QUINDIO_MUW_V_1.0_09082018_archivos\image149.png
SIG_QUINDIO_MUW_V_1.0_09082018_archivos\image148.png
SIG_QUINDIO_MUW_V_1.0_09082018_archivos\image147.png
SIG_QUINDIO_MUW_V_1.0_09082018_archivos\image145.png
SIG_QUINDIO_MUW_V_1.0_09082018_archivos\image144.png
SIG_QUINDIO_MUW_V_1.0_09082018_archivos\image142.png
SIG_QUINDIO_MUW_V_1.0_09082018_archivos\image141.png
SIG_QUINDIO_MUW_V_1.0_09082018_archivos\image140.png
SIG_QUINDIO_MUW_V_1.0_09082018_archivos\image138.png
SIG_QUINDIO_MUW_V_1.0_09082018_archivos\image136.png
SIG_QUINDIO_MUW_V_1.0_09082018_archivos\image135.png
SIG_QUINDIO_MUW_V_1.0_09082018_archivos\image133.png
SIG_QUINDIO_MUW_V_1.0_09082018_archivos\image132.png
SIG_QUINDIO_MUW_V_1.0_09082018_archivos\image130.png
SIG_QUINDIO_MUW_V_1.0_09082018_archivos\image129.png
SIG_QUINDIO_MUW_V_1.0_09082018_archivos\image127.png
SIG_QUINDIO_MUW_V_1.0_09082018_archivos\image126.png
SIG_QUINDIO_MUW_V_1.0_09082018_archivos\image125.png
SIG_QUINDIO_MUW_V_1.0_09082018_archivos\image124.png
SIG_QUINDIO_MUW_V_1.0_09082018_archivos\image123.png
SIG_QUINDIO_MUW_V_1.0_09082018_archivos\image121.png
SIG_QUINDIO_MUW_V_1.0_09082018_archivos\image119.png
SIG_QUINDIO_MUW_V_1.0_09082018_archivos\image117.png
SIG_QUINDIO_MUW_V_1.0_09082018_archivos\image116.png
SIG_QUINDIO_MUW_V_1.0_09082018_archivos\image115.png
SIG_QUINDIO_MUW_V_1.0_09082018_archivos\image114.png
SIG_QUINDIO_MUW_V_1.0_09082018_archivos\image113.png
SIG_QUINDIO_MUW_V_1.0_09082018_archivos\image112.png
SIG_QUINDIO_MUW_V_1.0_09082018_archivos\image111.png
SIG_QUINDIO_MUW_V_1.0_09082018_archivos\image110.png
SIG_QUINDIO_MUW_V_1.0_09082018_archivos\image109.png
SIG_QUINDIO_MUW_V_1.0_09082018_archivos\image108.png
SIG_QUINDIO_MUW_V_1.0_09082018_archivos\image107.png
SIG_QUINDIO_MUW_V_1.0_09082018_archivos\image106.png
SIG_QUINDIO_MUW_V_1.0_09082018_archivos\image105.png
SIG_QUINDIO_MUW_V_1.0_09082018_archivos\image104.png
SIG_QUINDIO_MUW_V_1.0_09082018_archivos\image103.png
SIG_QUINDIO_MUW_V_1.0_09082018_archivos\image102.png
SIG_QUINDIO_MUW_V_1.0_09082018_archivos\image101.png
SIG_QUINDIO_MUW_V_1.0_09082018_archivos\image100.png
SIG_QUINDIO_MUW_V_1.0_09082018_archivos\image098.png
SIG_QUINDIO_MUW_V_1.0_09082018_archivos\image097.png
SIG_QUINDIO_MUW_V_1.0_09082018_archivos\image095.png
SIG_QUINDIO_MUW_V_1.0_09082018_archivos\image094.png
SIG_QUINDIO_MUW_V_1.0_09082018_archivos\image092.png
SIG_QUINDIO_MUW_V_1.0_09082018_archivos\image091.png
SIG_QUINDIO_MUW_V_1.0_09082018_archivos\image089.png
SIG_QUINDIO_MUW_V_1.0_09082018_archivos\image087.png
SIG_QUINDIO_MUW_V_1.0_09082018_archivos\image085.png
SIG_QUINDIO_MUW_V_1.0_09082018_archivos\image083.png
SIG_QUINDIO_MUW_V_1.0_09082018_archivos\image082.png
SIG_QUINDIO_MUW_V_1.0_09082018_archivos\image080.png
SIG_QUINDIO_MUW_V_1.0_09082018_archivos\image078.png
SIG_QUINDIO_MUW_V_1.0_09082018_archivos\image076.png
SIG_QUINDIO_MUW_V_1.0_09082018_archivos\image075.png
SIG_QUINDIO_MUW_V_1.0_09082018_archivos\image074.png
SIG_QUINDIO_MUW_V_1.0_09082018_archivos\image072.png
SIG_QUINDIO_MUW_V_1.0_09082018_archivos\image070.png
SIG_QUINDIO_MUW_V_1.0_09082018_archivos\image068.png
SIG_QUINDIO_MUW_V_1.0_09082018_archivos\image066.png
SIG_QUINDIO_MUW_V_1.0_09082018_archivos\image064.png
SIG_QUINDIO_MUW_V_1.0_09082018_archivos\image062.png
SIG_QUINDIO_MUW_V_1.0_09082018_archivos\image060.png
SIG_QUINDIO_MUW_V_1.0_09082018_archivos\image058.png
SIG_QUINDIO_MUW_V_1.0_09082018_archivos\image056.png
SIG_QUINDIO_MUW_V_1.0_09082018_archivos\image054.png
SIG_QUINDIO_MUW_V_1.0_09082018_archivos\image052.png
SIG_QUINDIO_MUW_V_1.0_09082018_archivos\image050.png
SIG_QUINDIO_MUW_V_1.0_09082018_archivos\image048.png
SIG_QUINDIO_MUW_V_1.0_09082018_archivos\image046.png
SIG_QUINDIO_MUW_V_1.0_09082018_archivos\image044.png
SIG_QUINDIO_MUW_V_1.0_09082018_archivos\image042.png
SIG_QUINDIO_MUW_V_1.0_09082018_archivos\image040.png
SIG_QUINDIO_MUW_V_1.0_09082018_archivos\image038.png
SIG_QUINDIO_MUW_V_1.0_09082018_archivos\image036.png
SIG_QUINDIO_MUW_V_1.0_09082018_archivos\image034.png
SIG_QUINDIO_MUW_V_1.0_09082018_archivos\image032.png
SIG_QUINDIO_MUW_V_1.0_09082018_archivos\image030.png
SIG_QUINDIO_MUW_V_1.0_09082018_archivos\image028.png
SIG_QUINDIO_MUW_V_1.0_09082018_archivos\image026.png
SIG_QUINDIO_MUW_V_1.0_09082018_archivos\image024.png
SIG_QUINDIO_MUW_V_1.0_09082018_archivos\image022.png
SIG_QUINDIO_MUW_V_1.0_09082018_archivos\image020.png
SIG_QUINDIO_MUW_V_1.0_09082018_archivos\image018.png
SIG_QUINDIO_MUW_V_1.0_09082018_archivos\image017.png
SIG_QUINDIO_MUW_V_1.0_09082018_archivos\image015.png
SIG_QUINDIO_MUW_V_1.0_09082018_archivos\image013.png
SIG_QUINDIO_MUW_V_1.0_09082018_archivos\image011.png
SIG_QUINDIO_MUW_V_1.0_09082018_archivos\image009.png
SIG_QUINDIO_MUW_V_1.0_09082018_archivos\image007.png
SIG_QUINDIO_MUW_V_1.0_09082018_archivos\image005.png
SIG_QUINDIO_MUW_V_1.0_09082018_archivos\image003.png
SIG_QUINDIO_MUW_V_1.0_09082018_archivos\image002.png
template\Azure_Blue\slider_open_ltr.png
template\Azure_Blue\back_mobile_ltr.png
template\Azure_Blue\toc_link_desktop_ltr.png
template\Azure_Blue\slider_open_rtl.png
template\Azure_Blue\glossary_desktop.png
template\Azure_Blue\back_mobile_rtl.png
template\Azure_Blue\toc_link_desktop_rtl.png
template\Charcoal_Grey\remove-active.png
template\Charcoal_Grey\search_mobile_active.png
template\Charcoal_Grey\filter_mobile_applied.png
template\Charcoal_Grey\filter_mobile.png
template\Charcoal_Grey\filter_mobile_active.png
template\Charcoal_Grey\search_mobile.png
template\Indigo\theme-1-check-box.png
template\Indigo\theme-1-tick-overlay.png
template\Indigo\preview\sidebar-index.png
template\Azure_Blue\remove-active.png
template\Azure_Blue\remove.png
template\Azure_Blue\search_topic_desktop.png
template\Azure_Blue\previous.png
template\Azure_Blue\previous_tab.png
template\Azure_Blue\loading.gif
template\Azure_Blue\preview\social.png
template\Azure_Blue\preview\filter.png
template\Azure_Blue\preview\index.png
template\Azure_Blue\preview\search.png
template\Azure_Blue\preview\header.png
template\Charcoal_Grey\preview\functionbar-mobile.png
template\Charcoal_Grey\preview\functionbar-tablet.png
template\Charcoal_Grey\preview\functionbar-desktop.png
template\Charcoal_Grey\preview\layout-media-queries.png
template\Indigo\theme-1-toc-back-over.png
template\Indigo\theme-1-toc-book-over.png
template\Indigo\theme-1-tick-button.png
template\Indigo\theme-1-search.png
template\Azure_Blue\social_close_rtl.png
template\Azure_Blue\toc_book_closed_desktop.png
template\Azure_Blue\toc_book_closed_mobile.png
template\Azure_Blue\preview\filter-mobile.png
template\Azure_Blue\preview\toc-desktop.png
template\Azure_Blue\preview\functionbar-mobile.png
template\Azure_Blue\preview\functionbar-tablet.png
template\Charcoal_Grey\search_desktop_active.png
template\Charcoal_Grey\filter_desktop_applied.png
template\Charcoal_Grey\filter_desktop.png
template\Charcoal_Grey\filter_mark_radio.png
template\Charcoal_Grey\search_desktop.png
template\Charcoal_Grey\preview\glossary-mobile.png
template\Indigo\theme-1-arrow-prev.png
template\Indigo\theme-1-arrow-next.png
template\Indigo\theme-1-toc-external-over.png
template\Indigo\theme-1-toc-external.png
template\Indigo\preview\sidebar-glossary.png
template\Azure_Blue\print_desktop.png
template\Azure_Blue\toc_tab.png
template\Azure_Blue\idx_topic.png
template\Azure_Blue\preview\user-settings.png
template\Charcoal_Grey\index_mobile.png
template\Charcoal_Grey\glossary_mobile_active.png
template\Charcoal_Grey\index_mobile_active.png
template\Charcoal_Grey\preview\filter-mobile.png
template\Charcoal_Grey\preview\filter.png
template\Indigo\theme-1-bookmarks-over.png
template\Indigo\theme-1-check-box-selected.png
template\Indigo\theme-1-toc-topic-over.png
template\Indigo\theme-1-topic-active-overlay.png
template\Indigo\theme-1-arrow-toc-back-over.png
template\Indigo\theme-1-arrow-toc-back.png
template\Indigo\theme-1-arrow-toc-drill-down.png
template\Indigo\theme-1-topic-active.png
template\Indigo\preview\topic-desktop.png
template\Azure_Blue\top.png
template\Azure_Blue\next.png
template\Azure_Blue\search_desktop_active.png
template\Azure_Blue\filter_desktop_applied.png
template\Azure_Blue\toc_desktop.png
template\Azure_Blue\filter_tab_applied.png
template\Azure_Blue\next_mobile_active.png
template\Azure_Blue\menu.png
template\Azure_Blue\logo.png
template\Azure_Blue\preview\functionbar-desktop.png
template\Charcoal_Grey\filter_tab.png
template\Charcoal_Grey\andsearch_mark.png
template\Charcoal_Grey\filter_mark.png
template\Charcoal_Grey\toc_topic_mobile.png
template\Charcoal_Grey\preview\glossary-desktop.png
template\Charcoal_Grey\preview\sidebar-tablet.png
template\Indigo\custom-toc-image-49.png
template\Indigo\custom-toc-image-48.png
template\Indigo\custom-toc-image-47.png
template\Indigo\custom-toc-image-46.png
template\Indigo\custom-toc-image-45.png
template\Indigo\custom-toc-image-44.png
template\Indigo\custom-toc-image-43.png
template\Indigo\custom-toc-image-42.png
template\Indigo\custom-toc-image-41.png
template\Indigo\custom-toc-image-40.png
template\Indigo\custom-toc-image-9.png
template\Indigo\custom-toc-image-8.png
template\Indigo\custom-toc-image-7.png
template\Indigo\custom-toc-image-6.png
template\Indigo\custom-toc-image-5.png
template\Indigo\custom-toc-image-4.png
template\Indigo\custom-toc-image-3.png
template\Indigo\custom-toc-image-2.png
template\Indigo\custom-toc-image-1.png
template\Indigo\print-icon-hover.png
template\Indigo\print-icon.png
template\Indigo\theme-1-search-results-presentations.png
template\Indigo\theme-1-search-remove-overlay-hover.png
template\Azure_Blue\slider_ltr.png
template\Azure_Blue\slider_rtl.png
template\Azure_Blue\filter_desktop.png
template\Azure_Blue\filter_tab.png
template\Azure_Blue\filter_mobile.png
template\Azure_Blue\filter_mark.png
template\Azure_Blue\filter_nomark.png
template\Azure_Blue\andsearch_mark.png
template\Charcoal_Grey\slider_open_ltr.png
template\Charcoal_Grey\slider_open_rtl.png
template\Charcoal_Grey\andsearch_nomark.png
template\Charcoal_Grey\preview\content.png
template\Indigo\custom-toc-image-50.png
template\Indigo\preview\sidebar-filter.png
template\Azure_Blue\glossary_tab.png
template\Azure_Blue\previous_tab_active.png
template\Azure_Blue\andsearch_nomark.png
template\Azure_Blue\filter_mark_radio.png
template\Azure_Blue\preview\glossary.png
template\Azure_Blue\preview\sidebar-mobile.png
template\Azure_Blue\preview\sidebar-tablet.png
template\Azure_Blue\preview\sidebar-desktop.png
template\Charcoal_Grey\toc_link_mobile_ltr.png
template\Charcoal_Grey\glossary_mobile.png
template\Charcoal_Grey\filter_mobile_applied_active.png
template\Charcoal_Grey\previous_mobile.png
template\Charcoal_Grey\toc_link_mobile_rtl.png
template\Indigo\custom-toc-image-29.png
template\Indigo\custom-toc-image-28.png
template\Indigo\custom-toc-image-27.png
template\Indigo\custom-toc-image-26.png
template\Indigo\custom-toc-image-25.png
template\Indigo\custom-toc-image-24.png
template\Indigo\custom-toc-image-23.png
template\Indigo\custom-toc-image-22.png
template\Indigo\custom-toc-image-21.png
template\Indigo\custom-toc-image-20.png
template\Indigo\theme-1-menu.png
template\Indigo\preview\sidebar-shared.png
template\Azure_Blue\search_tab.png
template\Azure_Blue\search_mobile.png
template\Azure_Blue\search_desktop.png
template\Azure_Blue\preview\content.png
template\Charcoal_Grey\slider_ltr.png
template\Charcoal_Grey\slider_rtl.png
template\Indigo\custom-toc-image-39.png
template\Indigo\custom-toc-image-38.png
template\Indigo\custom-toc-image-37.png
template\Indigo\custom-toc-image-36.png
template\Indigo\custom-toc-image-35.png
template\Indigo\custom-toc-image-34.png
template\Indigo\custom-toc-image-33.png
template\Indigo\custom-toc-image-32.png
template\Indigo\custom-toc-image-31.png
template\Indigo\custom-toc-image-30.png
template\Indigo\theme-1-arrow-next-over.png
template\Indigo\theme-1-radio-button.png
template\Azure_Blue\preview\toc-mobile.png
template\Charcoal_Grey\glossary_tab.png
template\Charcoal_Grey\glossary_tab_active.png
template\Charcoal_Grey\index_tab_active.png
template\Charcoal_Grey\previous_tab_active.png
template\Charcoal_Grey\previous_tab.png
template\Charcoal_Grey\back_to_topic.png
template\Charcoal_Grey\filter_nomark_radio.png
template\Charcoal_Grey\filter_nomark.png
template\Charcoal_Grey\toc_book_open_desktop.png
template\Charcoal_Grey\toc_book_open_drildown.png
template\Charcoal_Grey\toc_book_open_mobile.png
template\Charcoal_Grey\filter_clearall.png
template\Charcoal_Grey\preview\search.png
template\Charcoal_Grey\preview\header.png
template\Azure_Blue\social_close_ltr.png
template\Azure_Blue\toc_link_mobile_ltr.png
template\Azure_Blue\search_desktop_navigation.png
template\Azure_Blue\search_mobile_active.png
template\Azure_Blue\glossary_mobile.png
template\Azure_Blue\previous_mobile_active.png
template\Azure_Blue\previous_mobile.png
template\Azure_Blue\filter_mobile_applied.png
template\Azure_Blue\search_mobile_navigation.png
template\Azure_Blue\social_open.png
template\Azure_Blue\filter_nomark_radio.png
template\Azure_Blue\toc_book_open_desktop.png
template\Azure_Blue\toc_book_open_mobile.png
template\Azure_Blue\toc_book_open_drildown.png
template\Azure_Blue\filter_clearall.png
template\Azure_Blue\toc_link_mobile_rtl.png
template\Charcoal_Grey\filter_tab_applied.png
template\Charcoal_Grey\index_tab.png
template\Charcoal_Grey\search_tab_active.png
template\Charcoal_Grey\filter_tab_active.png
template\Charcoal_Grey\search_mobile_navigation.png
template\Charcoal_Grey\search_mobile_navigation_active.png
template\Charcoal_Grey\toc_mobile_active.png
template\Charcoal_Grey\previous_mobile_active.png
template\Charcoal_Grey\preview\sidebar-mobile.png
template\Charcoal_Grey\preview\mobile_header.png
template\Indigo\custom-toc-image-19.png
template\Indigo\custom-toc-image-18.png
template\Indigo\custom-toc-image-17.png
template\Indigo\custom-toc-image-16.png
template\Indigo\custom-toc-image-15.png
template\Indigo\custom-toc-image-14.png
template\Indigo\custom-toc-image-13.png
template\Indigo\custom-toc-image-12.png
template\Indigo\custom-toc-image-11.png
template\Indigo\custom-toc-image-10.png
template\Indigo\theme-1-arrow-prev-over.png
template\Indigo\theme-1-search-results-topics.png
template\Indigo\preview\sidebar-search.png
template\Indigo\preview\home-shared.png
template\Indigo\preview\header.png
template\Charcoal_Grey\top.png
template\Charcoal_Grey\previous_active.png
template\Charcoal_Grey\toc_desktop.png
template\Charcoal_Grey\toc_tab.png
template\Charcoal_Grey\filter_tab_applied_active.png
template\Charcoal_Grey\next_tab_active.png
template\Charcoal_Grey\toc_mobile.png
template\Charcoal_Grey\social_open.png
template\Charcoal_Grey\logo.png
template\Charcoal_Grey\loading.gif
template\Charcoal_Grey\preview\social.png
template\Charcoal_Grey\preview\toc-mobile.png
template\Indigo\logo.png
template\Indigo\loading.gif
template\Indigo\preview\layout-media-queries.png
template\Charcoal_Grey\social_close_ltr.png
template\Charcoal_Grey\social_close_rtl.png
template\Charcoal_Grey\toc_topic_desktop.png
template\Charcoal_Grey\preview\index-mobile.png
template\Charcoal_Grey\preview\index-desktop.png
template\Charcoal_Grey\preview\sidebar-desktop.png
template\Indigo\theme-1-bookmark-add-over.png
template\Indigo\theme-1-bookmark-add.png
template\Indigo\theme-1-bookmark-added-over.png
template\Indigo\theme-1-bookmark-added.png
template\Indigo\theme-1-bin-overlay-over.png
template\Indigo\theme-1-bin-overlay.png
template\Indigo\theme-1-radio-button-selected.png
template\Indigo\preview\home-desktop.png
template\Indigo\preview\basic-settings.png
template\Azure_Blue\toc_topic_desktop.png
template\Charcoal_Grey\toc_link_desktop_ltr.png
template\Charcoal_Grey\toc_book_closed_desktop_ltr.png
template\Charcoal_Grey\print_desktop.png
template\Charcoal_Grey\previous.png
template\Charcoal_Grey\glossary_desktop.png
template\Charcoal_Grey\index_desktop.png
template\Charcoal_Grey\toc_tab_active.png
template\Charcoal_Grey\back_mobile_filter.png
template\Charcoal_Grey\next_mobile_active.png
template\Charcoal_Grey\toc_link_desktop_rtl.png
template\Charcoal_Grey\toc_book_closed_desktop_rtl.png
template\Charcoal_Grey\preview\toc.png
template\Charcoal_Grey\preview\user-settings.png
template\Indigo\theme-1-search-results-pdfs.png
template\Indigo\theme-1-search-desktop.png
template\Azure_Blue\next_active.png
template\Azure_Blue\next_tab.png
template\Azure_Blue\next_mobile.png
template\Azure_Blue\preview\search-mobile.png
template\Indigo\theme-1-cross-overlay-over.png
template\Indigo\theme-1-cross-overlay.png
template\Indigo\preview\sidebar-favorites.png
template\Indigo\preview\topic-shared.png
ehlpdhtm.js
index.ppf
RoboHHRE.lng
SearchOptions.xml
whxdata\toc2.js
whxdata\toc2.new.js
whxdata\toc3.js
whxdata\toc3.new.js
whxdata\toc4.js
whxdata\toc4.new.js
whxdata\toc5.js
whxdata\toc5.new.js
whxdata\toc1.js
whxdata\toc1.new.js
whxdata\toc.js
whxdata\toc.new.js
whxdata\idx.js
whxdata\idx.new.js
whxdata\glo.js
whxdata\glo.new.js
whxdata\package_0_xml.js
whxdata\package_1_xml.js
whxdata\package_2_xml.js
whxdata\package_3_xml.js
whxdata\package_4_xml.js
whxdata\package_5_xml.js
whxdata\package_6_xml.js
whxdata\package_7_xml.js
whxdata\package_8_xml.js
whxdata\package_9_xml.js
whxdata\package_10_xml.js
whxdata\package_11_xml.js
whxdata\package_12_xml.js
whxdata\package_13_xml.js
whxdata\package_14_xml.js
whxdata\packageindex_xml.js
whxdata\synonym.xml
whxdata\synonym_xml.js
whxdata\topictable_0_xml.js
whxdata\topictableindex_xml.js
whxdata\whfts.xml
whxdata\whfts_xml.js
whxdata\csh.js
whxdata\window.js
projectdata.js
