|SourceProjectName:SIG_QUINDIO_III_MANUAL.hpr
|DestinationProjectName:index.htm
index_hha.hhk
index.hhc
index.hhk
Beat_the_Clock!.htm
First_Topic.htm
Glossary.htm
MyCompany_Player_interactive.htm
MyCompany_Player_package_contents.htm
MyCompany_Portable_MP3_Player.htm
SIG_QUINDIO_MUW_V_1.0_09082018.htm
System_Requirements.htm
index.glo
template\Azure_Blue\usersettings.js
default.css
SIG_QUINDIO_MUW_V_1.0_09082018.css
template\Azure_Blue\layout-rtl.css
template\Azure_Blue\layout.css
template\Azure_Blue\search_topic_desktop.png
template\Azure_Blue\toc_link_mobile_ltr.png
template\Azure_Blue\previous_mobile_active.png
template\Azure_Blue\toc_link_mobile_rtl.png
template\Azure_Blue\preview\user-settings.png
template\Azure_Blue\remove.png
template\Azure_Blue\social_close_ltr.png
template\Azure_Blue\top.png
template\Azure_Blue\print_desktop.png
template\Azure_Blue\next.png
template\Azure_Blue\index_desktop.png
template\Azure_Blue\index_tab.png
template\Azure_Blue\toc_tab.png
template\Azure_Blue\index_mobile.png
template\Azure_Blue\menu.png
template\Azure_Blue\social_close_rtl.png
template\Azure_Blue\social_open.png
template\Azure_Blue\logo.png
template\Azure_Blue\loading.gif
template\Azure_Blue\back_mobile_ltr.png
template\Azure_Blue\back_mobile_rtl.png
template\Azure_Blue\next_mobile.png
template\Azure_Blue\preview\filter-mobile.png
template\Azure_Blue\preview\search-mobile.png
template\Azure_Blue\preview\layout-media-queries.png
template\Azure_Blue\previous_active.png
template\Azure_Blue\previous.png
template\Azure_Blue\previous_tab.png
template\Azure_Blue\toc_mobile.png
template\Azure_Blue\previous_mobile.png
template\Azure_Blue\idx_topic.png
template\Azure_Blue\toc_topic_desktop.png
template\Azure_Blue\toc_topic_mobile.png
template\Azure_Blue\search_desktop_active.png
template\Azure_Blue\search_desktop_navigation.png
template\Azure_Blue\filter_desktop_applied.png
template\Azure_Blue\search_tab.png
template\Azure_Blue\filter_tab_applied.png
template\Azure_Blue\search_mobile.png
template\Azure_Blue\back_mobile_filter.png
template\Azure_Blue\search_desktop.png
template\Azure_Blue\toc_book_open_mobile.png
template\Azure_Blue\search_mobile_navigation.png
template\Azure_Blue\toc_link_desktop_ltr.png
template\Azure_Blue\next_tab_active.png
template\Azure_Blue\next_tab.png
template\Azure_Blue\toc_link_desktop_rtl.png
template\Azure_Blue\preview\functionbar-mobile.png
template\Azure_Blue\preview\functionbar-tablet.png
template\Azure_Blue\preview\functionbar-desktop.png
template\Azure_Blue\remove-active.png
template\Azure_Blue\toc_desktop.png
template\Azure_Blue\preview\social.png
template\Azure_Blue\preview\filter.png
template\Azure_Blue\preview\glossary.png
template\Azure_Blue\preview\index.png
template\Azure_Blue\preview\search.png
template\Azure_Blue\preview\content.png
template\Azure_Blue\preview\header.png
template\Azure_Blue\search_mobile_active.png
template\Azure_Blue\filter_mobile_applied.png
template\Azure_Blue\filter_nomark_radio.png
template\Azure_Blue\preview\sidebar-mobile.png
template\Azure_Blue\preview\sidebar-tablet.png
template\Azure_Blue\preview\sidebar-desktop.png
template\Azure_Blue\preview\toc-mobile.png
template\Azure_Blue\preview\toc-desktop.png
SIG_QUINDIO_MUW_V_1.0_09082018_archivos\image532.png
SIG_QUINDIO_MUW_V_1.0_09082018_archivos\image531.png
SIG_QUINDIO_MUW_V_1.0_09082018_archivos\image529.png
SIG_QUINDIO_MUW_V_1.0_09082018_archivos\image527.png
SIG_QUINDIO_MUW_V_1.0_09082018_archivos\image525.png
SIG_QUINDIO_MUW_V_1.0_09082018_archivos\image523.png
SIG_QUINDIO_MUW_V_1.0_09082018_archivos\image521.png
SIG_QUINDIO_MUW_V_1.0_09082018_archivos\image519.png
SIG_QUINDIO_MUW_V_1.0_09082018_archivos\image518.png
SIG_QUINDIO_MUW_V_1.0_09082018_archivos\image516.png
SIG_QUINDIO_MUW_V_1.0_09082018_archivos\image514.png
SIG_QUINDIO_MUW_V_1.0_09082018_archivos\image512.png
SIG_QUINDIO_MUW_V_1.0_09082018_archivos\image510.png
SIG_QUINDIO_MUW_V_1.0_09082018_archivos\image508.png
SIG_QUINDIO_MUW_V_1.0_09082018_archivos\image506.png
SIG_QUINDIO_MUW_V_1.0_09082018_archivos\image505.png
SIG_QUINDIO_MUW_V_1.0_09082018_archivos\image503.png
SIG_QUINDIO_MUW_V_1.0_09082018_archivos\image501.png
SIG_QUINDIO_MUW_V_1.0_09082018_archivos\image499.png
SIG_QUINDIO_MUW_V_1.0_09082018_archivos\image497.png
SIG_QUINDIO_MUW_V_1.0_09082018_archivos\image495.png
SIG_QUINDIO_MUW_V_1.0_09082018_archivos\image494.png
SIG_QUINDIO_MUW_V_1.0_09082018_archivos\image492.png
SIG_QUINDIO_MUW_V_1.0_09082018_archivos\image491.png
SIG_QUINDIO_MUW_V_1.0_09082018_archivos\image489.png
SIG_QUINDIO_MUW_V_1.0_09082018_archivos\image488.png
SIG_QUINDIO_MUW_V_1.0_09082018_archivos\image486.png
SIG_QUINDIO_MUW_V_1.0_09082018_archivos\image484.png
SIG_QUINDIO_MUW_V_1.0_09082018_archivos\image482.png
SIG_QUINDIO_MUW_V_1.0_09082018_archivos\image480.png
SIG_QUINDIO_MUW_V_1.0_09082018_archivos\image478.png
SIG_QUINDIO_MUW_V_1.0_09082018_archivos\image476.png
SIG_QUINDIO_MUW_V_1.0_09082018_archivos\image474.png
SIG_QUINDIO_MUW_V_1.0_09082018_archivos\image472.png
SIG_QUINDIO_MUW_V_1.0_09082018_archivos\image471.png
SIG_QUINDIO_MUW_V_1.0_09082018_archivos\image469.png
SIG_QUINDIO_MUW_V_1.0_09082018_archivos\image467.png
SIG_QUINDIO_MUW_V_1.0_09082018_archivos\image465.png
SIG_QUINDIO_MUW_V_1.0_09082018_archivos\image463.png
SIG_QUINDIO_MUW_V_1.0_09082018_archivos\image461.png
SIG_QUINDIO_MUW_V_1.0_09082018_archivos\image459.png
SIG_QUINDIO_MUW_V_1.0_09082018_archivos\image457.png
SIG_QUINDIO_MUW_V_1.0_09082018_archivos\image455.png
SIG_QUINDIO_MUW_V_1.0_09082018_archivos\image453.png
SIG_QUINDIO_MUW_V_1.0_09082018_archivos\image452.png
SIG_QUINDIO_MUW_V_1.0_09082018_archivos\image450.png
SIG_QUINDIO_MUW_V_1.0_09082018_archivos\image448.png
SIG_QUINDIO_MUW_V_1.0_09082018_archivos\image446.png
SIG_QUINDIO_MUW_V_1.0_09082018_archivos\image444.png
SIG_QUINDIO_MUW_V_1.0_09082018_archivos\image443.png
SIG_QUINDIO_MUW_V_1.0_09082018_archivos\image441.png
SIG_QUINDIO_MUW_V_1.0_09082018_archivos\image439.png
SIG_QUINDIO_MUW_V_1.0_09082018_archivos\image437.png
SIG_QUINDIO_MUW_V_1.0_09082018_archivos\image435.png
SIG_QUINDIO_MUW_V_1.0_09082018_archivos\image433.png
SIG_QUINDIO_MUW_V_1.0_09082018_archivos\image431.png
SIG_QUINDIO_MUW_V_1.0_09082018_archivos\image429.png
SIG_QUINDIO_MUW_V_1.0_09082018_archivos\image427.png
SIG_QUINDIO_MUW_V_1.0_09082018_archivos\image426.png
SIG_QUINDIO_MUW_V_1.0_09082018_archivos\image425.png
SIG_QUINDIO_MUW_V_1.0_09082018_archivos\image424.png
SIG_QUINDIO_MUW_V_1.0_09082018_archivos\image422.png
SIG_QUINDIO_MUW_V_1.0_09082018_archivos\image420.png
SIG_QUINDIO_MUW_V_1.0_09082018_archivos\image418.png
SIG_QUINDIO_MUW_V_1.0_09082018_archivos\image416.png
SIG_QUINDIO_MUW_V_1.0_09082018_archivos\image414.png
SIG_QUINDIO_MUW_V_1.0_09082018_archivos\image412.png
SIG_QUINDIO_MUW_V_1.0_09082018_archivos\image410.png
SIG_QUINDIO_MUW_V_1.0_09082018_archivos\image408.png
SIG_QUINDIO_MUW_V_1.0_09082018_archivos\image406.png
SIG_QUINDIO_MUW_V_1.0_09082018_archivos\image404.png
SIG_QUINDIO_MUW_V_1.0_09082018_archivos\image402.png
SIG_QUINDIO_MUW_V_1.0_09082018_archivos\image401.png
SIG_QUINDIO_MUW_V_1.0_09082018_archivos\image399.png
SIG_QUINDIO_MUW_V_1.0_09082018_archivos\image397.png
SIG_QUINDIO_MUW_V_1.0_09082018_archivos\image395.png
SIG_QUINDIO_MUW_V_1.0_09082018_archivos\image393.png
SIG_QUINDIO_MUW_V_1.0_09082018_archivos\image391.png
SIG_QUINDIO_MUW_V_1.0_09082018_archivos\image389.png
SIG_QUINDIO_MUW_V_1.0_09082018_archivos\image387.png
SIG_QUINDIO_MUW_V_1.0_09082018_archivos\image386.png
SIG_QUINDIO_MUW_V_1.0_09082018_archivos\image384.png
SIG_QUINDIO_MUW_V_1.0_09082018_archivos\image382.png
SIG_QUINDIO_MUW_V_1.0_09082018_archivos\image380.png
SIG_QUINDIO_MUW_V_1.0_09082018_archivos\image378.png
SIG_QUINDIO_MUW_V_1.0_09082018_archivos\image376.png
SIG_QUINDIO_MUW_V_1.0_09082018_archivos\image374.png
SIG_QUINDIO_MUW_V_1.0_09082018_archivos\image372.png
SIG_QUINDIO_MUW_V_1.0_09082018_archivos\image370.png
SIG_QUINDIO_MUW_V_1.0_09082018_archivos\image369.png
SIG_QUINDIO_MUW_V_1.0_09082018_archivos\image367.png
SIG_QUINDIO_MUW_V_1.0_09082018_archivos\image366.png
SIG_QUINDIO_MUW_V_1.0_09082018_archivos\image364.png
SIG_QUINDIO_MUW_V_1.0_09082018_archivos\image363.png
SIG_QUINDIO_MUW_V_1.0_09082018_archivos\image361.png
SIG_QUINDIO_MUW_V_1.0_09082018_archivos\image359.png
SIG_QUINDIO_MUW_V_1.0_09082018_archivos\image357.png
SIG_QUINDIO_MUW_V_1.0_09082018_archivos\image356.png
SIG_QUINDIO_MUW_V_1.0_09082018_archivos\image354.png
SIG_QUINDIO_MUW_V_1.0_09082018_archivos\image352.png
SIG_QUINDIO_MUW_V_1.0_09082018_archivos\image350.png
SIG_QUINDIO_MUW_V_1.0_09082018_archivos\image348.png
SIG_QUINDIO_MUW_V_1.0_09082018_archivos\image346.png
SIG_QUINDIO_MUW_V_1.0_09082018_archivos\image344.png
SIG_QUINDIO_MUW_V_1.0_09082018_archivos\image342.png
SIG_QUINDIO_MUW_V_1.0_09082018_archivos\image340.png
SIG_QUINDIO_MUW_V_1.0_09082018_archivos\image339.png
SIG_QUINDIO_MUW_V_1.0_09082018_archivos\image338.png
SIG_QUINDIO_MUW_V_1.0_09082018_archivos\image337.png
SIG_QUINDIO_MUW_V_1.0_09082018_archivos\image335.png
SIG_QUINDIO_MUW_V_1.0_09082018_archivos\image333.png
SIG_QUINDIO_MUW_V_1.0_09082018_archivos\image332.png
SIG_QUINDIO_MUW_V_1.0_09082018_archivos\image330.png
SIG_QUINDIO_MUW_V_1.0_09082018_archivos\image328.png
SIG_QUINDIO_MUW_V_1.0_09082018_archivos\image326.png
SIG_QUINDIO_MUW_V_1.0_09082018_archivos\image324.png
SIG_QUINDIO_MUW_V_1.0_09082018_archivos\image322.png
SIG_QUINDIO_MUW_V_1.0_09082018_archivos\image320.png
SIG_QUINDIO_MUW_V_1.0_09082018_archivos\image318.png
SIG_QUINDIO_MUW_V_1.0_09082018_archivos\image316.png
SIG_QUINDIO_MUW_V_1.0_09082018_archivos\image315.png
SIG_QUINDIO_MUW_V_1.0_09082018_archivos\image312.png
SIG_QUINDIO_MUW_V_1.0_09082018_archivos\image310.png
SIG_QUINDIO_MUW_V_1.0_09082018_archivos\image308.png
SIG_QUINDIO_MUW_V_1.0_09082018_archivos\image306.png
SIG_QUINDIO_MUW_V_1.0_09082018_archivos\image304.png
SIG_QUINDIO_MUW_V_1.0_09082018_archivos\image302.png
SIG_QUINDIO_MUW_V_1.0_09082018_archivos\image299.png
SIG_QUINDIO_MUW_V_1.0_09082018_archivos\image297.png
SIG_QUINDIO_MUW_V_1.0_09082018_archivos\image295.png
SIG_QUINDIO_MUW_V_1.0_09082018_archivos\image293.png
SIG_QUINDIO_MUW_V_1.0_09082018_archivos\image291.png
SIG_QUINDIO_MUW_V_1.0_09082018_archivos\image288.png
SIG_QUINDIO_MUW_V_1.0_09082018_archivos\image286.png
SIG_QUINDIO_MUW_V_1.0_09082018_archivos\image284.png
SIG_QUINDIO_MUW_V_1.0_09082018_archivos\image283.png
SIG_QUINDIO_MUW_V_1.0_09082018_archivos\image281.png
SIG_QUINDIO_MUW_V_1.0_09082018_archivos\image279.png
SIG_QUINDIO_MUW_V_1.0_09082018_archivos\image278.png
SIG_QUINDIO_MUW_V_1.0_09082018_archivos\image276.png
SIG_QUINDIO_MUW_V_1.0_09082018_archivos\image274.png
SIG_QUINDIO_MUW_V_1.0_09082018_archivos\image272.png
SIG_QUINDIO_MUW_V_1.0_09082018_archivos\image271.png
SIG_QUINDIO_MUW_V_1.0_09082018_archivos\image269.png
SIG_QUINDIO_MUW_V_1.0_09082018_archivos\image267.png
SIG_QUINDIO_MUW_V_1.0_09082018_archivos\image265.png
SIG_QUINDIO_MUW_V_1.0_09082018_archivos\image263.png
SIG_QUINDIO_MUW_V_1.0_09082018_archivos\image262.png
SIG_QUINDIO_MUW_V_1.0_09082018_archivos\image261.png
SIG_QUINDIO_MUW_V_1.0_09082018_archivos\image260.png
SIG_QUINDIO_MUW_V_1.0_09082018_archivos\image259.png
SIG_QUINDIO_MUW_V_1.0_09082018_archivos\image258.png
SIG_QUINDIO_MUW_V_1.0_09082018_archivos\image256.png
SIG_QUINDIO_MUW_V_1.0_09082018_archivos\image254.png
SIG_QUINDIO_MUW_V_1.0_09082018_archivos\image253.png
SIG_QUINDIO_MUW_V_1.0_09082018_archivos\image251.png
SIG_QUINDIO_MUW_V_1.0_09082018_archivos\image250.png
SIG_QUINDIO_MUW_V_1.0_09082018_archivos\image249.png
SIG_QUINDIO_MUW_V_1.0_09082018_archivos\image248.png
SIG_QUINDIO_MUW_V_1.0_09082018_archivos\image246.png
SIG_QUINDIO_MUW_V_1.0_09082018_archivos\image244.png
SIG_QUINDIO_MUW_V_1.0_09082018_archivos\image243.png
SIG_QUINDIO_MUW_V_1.0_09082018_archivos\image240.png
SIG_QUINDIO_MUW_V_1.0_09082018_archivos\image238.png
SIG_QUINDIO_MUW_V_1.0_09082018_archivos\image236.png
SIG_QUINDIO_MUW_V_1.0_09082018_archivos\image234.png
SIG_QUINDIO_MUW_V_1.0_09082018_archivos\image232.png
SIG_QUINDIO_MUW_V_1.0_09082018_archivos\image231.png
SIG_QUINDIO_MUW_V_1.0_09082018_archivos\image230.png
SIG_QUINDIO_MUW_V_1.0_09082018_archivos\image229.png
SIG_QUINDIO_MUW_V_1.0_09082018_archivos\image228.png
SIG_QUINDIO_MUW_V_1.0_09082018_archivos\image226.png
SIG_QUINDIO_MUW_V_1.0_09082018_archivos\image224.png
SIG_QUINDIO_MUW_V_1.0_09082018_archivos\image223.png
SIG_QUINDIO_MUW_V_1.0_09082018_archivos\image221.png
SIG_QUINDIO_MUW_V_1.0_09082018_archivos\image220.png
SIG_QUINDIO_MUW_V_1.0_09082018_archivos\image219.png
SIG_QUINDIO_MUW_V_1.0_09082018_archivos\image218.png
SIG_QUINDIO_MUW_V_1.0_09082018_archivos\image217.png
SIG_QUINDIO_MUW_V_1.0_09082018_archivos\image216.png
SIG_QUINDIO_MUW_V_1.0_09082018_archivos\image215.png
SIG_QUINDIO_MUW_V_1.0_09082018_archivos\image213.png
SIG_QUINDIO_MUW_V_1.0_09082018_archivos\image212.png
SIG_QUINDIO_MUW_V_1.0_09082018_archivos\image210.png
SIG_QUINDIO_MUW_V_1.0_09082018_archivos\image209.png
SIG_QUINDIO_MUW_V_1.0_09082018_archivos\image208.png
SIG_QUINDIO_MUW_V_1.0_09082018_archivos\image206.png
SIG_QUINDIO_MUW_V_1.0_09082018_archivos\image205.png
SIG_QUINDIO_MUW_V_1.0_09082018_archivos\image203.png
SIG_QUINDIO_MUW_V_1.0_09082018_archivos\image202.png
SIG_QUINDIO_MUW_V_1.0_09082018_archivos\image201.png
SIG_QUINDIO_MUW_V_1.0_09082018_archivos\image200.png
SIG_QUINDIO_MUW_V_1.0_09082018_archivos\image199.png
SIG_QUINDIO_MUW_V_1.0_09082018_archivos\image198.png
SIG_QUINDIO_MUW_V_1.0_09082018_archivos\image197.png
SIG_QUINDIO_MUW_V_1.0_09082018_archivos\image195.png
SIG_QUINDIO_MUW_V_1.0_09082018_archivos\image193.png
SIG_QUINDIO_MUW_V_1.0_09082018_archivos\image192.png
SIG_QUINDIO_MUW_V_1.0_09082018_archivos\image191.png
SIG_QUINDIO_MUW_V_1.0_09082018_archivos\image189.png
SIG_QUINDIO_MUW_V_1.0_09082018_archivos\image187.png
SIG_QUINDIO_MUW_V_1.0_09082018_archivos\image186.png
SIG_QUINDIO_MUW_V_1.0_09082018_archivos\image184.png
SIG_QUINDIO_MUW_V_1.0_09082018_archivos\image182.png
SIG_QUINDIO_MUW_V_1.0_09082018_archivos\image180.png
SIG_QUINDIO_MUW_V_1.0_09082018_archivos\image179.png
SIG_QUINDIO_MUW_V_1.0_09082018_archivos\image177.png
SIG_QUINDIO_MUW_V_1.0_09082018_archivos\image176.png
SIG_QUINDIO_MUW_V_1.0_09082018_archivos\image175.png
SIG_QUINDIO_MUW_V_1.0_09082018_archivos\image173.png
SIG_QUINDIO_MUW_V_1.0_09082018_archivos\image171.png
SIG_QUINDIO_MUW_V_1.0_09082018_archivos\image170.png
SIG_QUINDIO_MUW_V_1.0_09082018_archivos\image168.png
SIG_QUINDIO_MUW_V_1.0_09082018_archivos\image166.png
SIG_QUINDIO_MUW_V_1.0_09082018_archivos\image164.png
SIG_QUINDIO_MUW_V_1.0_09082018_archivos\image163.png
SIG_QUINDIO_MUW_V_1.0_09082018_archivos\image162.png
SIG_QUINDIO_MUW_V_1.0_09082018_archivos\image161.png
SIG_QUINDIO_MUW_V_1.0_09082018_archivos\image160.png
SIG_QUINDIO_MUW_V_1.0_09082018_archivos\image159.png
SIG_QUINDIO_MUW_V_1.0_09082018_archivos\image157.png
SIG_QUINDIO_MUW_V_1.0_09082018_archivos\image155.png
SIG_QUINDIO_MUW_V_1.0_09082018_archivos\image153.png
SIG_QUINDIO_MUW_V_1.0_09082018_archivos\image152.png
SIG_QUINDIO_MUW_V_1.0_09082018_archivos\image151.png
SIG_QUINDIO_MUW_V_1.0_09082018_archivos\image149.png
SIG_QUINDIO_MUW_V_1.0_09082018_archivos\image148.png
SIG_QUINDIO_MUW_V_1.0_09082018_archivos\image146.png
SIG_QUINDIO_MUW_V_1.0_09082018_archivos\image145.png
SIG_QUINDIO_MUW_V_1.0_09082018_archivos\image144.png
SIG_QUINDIO_MUW_V_1.0_09082018_archivos\image142.png
SIG_QUINDIO_MUW_V_1.0_09082018_archivos\image140.png
SIG_QUINDIO_MUW_V_1.0_09082018_archivos\image139.png
SIG_QUINDIO_MUW_V_1.0_09082018_archivos\image137.png
SIG_QUINDIO_MUW_V_1.0_09082018_archivos\image136.png
SIG_QUINDIO_MUW_V_1.0_09082018_archivos\image134.png
SIG_QUINDIO_MUW_V_1.0_09082018_archivos\image133.png
SIG_QUINDIO_MUW_V_1.0_09082018_archivos\image131.png
SIG_QUINDIO_MUW_V_1.0_09082018_archivos\image130.png
SIG_QUINDIO_MUW_V_1.0_09082018_archivos\image129.png
SIG_QUINDIO_MUW_V_1.0_09082018_archivos\image128.png
SIG_QUINDIO_MUW_V_1.0_09082018_archivos\image127.png
SIG_QUINDIO_MUW_V_1.0_09082018_archivos\image125.png
SIG_QUINDIO_MUW_V_1.0_09082018_archivos\image123.png
SIG_QUINDIO_MUW_V_1.0_09082018_archivos\image121.png
SIG_QUINDIO_MUW_V_1.0_09082018_archivos\image120.png
SIG_QUINDIO_MUW_V_1.0_09082018_archivos\image119.png
SIG_QUINDIO_MUW_V_1.0_09082018_archivos\image118.png
SIG_QUINDIO_MUW_V_1.0_09082018_archivos\image117.png
SIG_QUINDIO_MUW_V_1.0_09082018_archivos\image116.png
SIG_QUINDIO_MUW_V_1.0_09082018_archivos\image115.png
SIG_QUINDIO_MUW_V_1.0_09082018_archivos\image114.png
SIG_QUINDIO_MUW_V_1.0_09082018_archivos\image113.png
SIG_QUINDIO_MUW_V_1.0_09082018_archivos\image112.png
SIG_QUINDIO_MUW_V_1.0_09082018_archivos\image111.png
SIG_QUINDIO_MUW_V_1.0_09082018_archivos\image110.png
SIG_QUINDIO_MUW_V_1.0_09082018_archivos\image109.png
SIG_QUINDIO_MUW_V_1.0_09082018_archivos\image108.png
SIG_QUINDIO_MUW_V_1.0_09082018_archivos\image107.png
SIG_QUINDIO_MUW_V_1.0_09082018_archivos\image106.png
SIG_QUINDIO_MUW_V_1.0_09082018_archivos\image105.png
SIG_QUINDIO_MUW_V_1.0_09082018_archivos\image104.png
SIG_QUINDIO_MUW_V_1.0_09082018_archivos\image102.png
SIG_QUINDIO_MUW_V_1.0_09082018_archivos\image101.png
SIG_QUINDIO_MUW_V_1.0_09082018_archivos\image099.png
SIG_QUINDIO_MUW_V_1.0_09082018_archivos\image098.png
SIG_QUINDIO_MUW_V_1.0_09082018_archivos\image096.png
SIG_QUINDIO_MUW_V_1.0_09082018_archivos\image095.png
SIG_QUINDIO_MUW_V_1.0_09082018_archivos\image093.png
SIG_QUINDIO_MUW_V_1.0_09082018_archivos\image091.png
SIG_QUINDIO_MUW_V_1.0_09082018_archivos\image089.png
SIG_QUINDIO_MUW_V_1.0_09082018_archivos\image087.png
SIG_QUINDIO_MUW_V_1.0_09082018_archivos\image086.png
SIG_QUINDIO_MUW_V_1.0_09082018_archivos\image084.png
SIG_QUINDIO_MUW_V_1.0_09082018_archivos\image082.png
SIG_QUINDIO_MUW_V_1.0_09082018_archivos\image080.png
SIG_QUINDIO_MUW_V_1.0_09082018_archivos\image079.png
SIG_QUINDIO_MUW_V_1.0_09082018_archivos\image078.png
SIG_QUINDIO_MUW_V_1.0_09082018_archivos\image076.png
SIG_QUINDIO_MUW_V_1.0_09082018_archivos\image074.png
SIG_QUINDIO_MUW_V_1.0_09082018_archivos\image072.png
SIG_QUINDIO_MUW_V_1.0_09082018_archivos\image070.png
SIG_QUINDIO_MUW_V_1.0_09082018_archivos\image068.png
SIG_QUINDIO_MUW_V_1.0_09082018_archivos\image066.png
SIG_QUINDIO_MUW_V_1.0_09082018_archivos\image064.png
SIG_QUINDIO_MUW_V_1.0_09082018_archivos\image062.png
SIG_QUINDIO_MUW_V_1.0_09082018_archivos\image060.png
SIG_QUINDIO_MUW_V_1.0_09082018_archivos\image058.png
SIG_QUINDIO_MUW_V_1.0_09082018_archivos\image056.png
SIG_QUINDIO_MUW_V_1.0_09082018_archivos\image054.png
SIG_QUINDIO_MUW_V_1.0_09082018_archivos\image052.png
SIG_QUINDIO_MUW_V_1.0_09082018_archivos\image050.png
SIG_QUINDIO_MUW_V_1.0_09082018_archivos\image048.png
SIG_QUINDIO_MUW_V_1.0_09082018_archivos\image046.png
SIG_QUINDIO_MUW_V_1.0_09082018_archivos\image044.png
SIG_QUINDIO_MUW_V_1.0_09082018_archivos\image042.png
SIG_QUINDIO_MUW_V_1.0_09082018_archivos\image040.png
SIG_QUINDIO_MUW_V_1.0_09082018_archivos\image038.png
SIG_QUINDIO_MUW_V_1.0_09082018_archivos\image036.png
SIG_QUINDIO_MUW_V_1.0_09082018_archivos\image034.png
SIG_QUINDIO_MUW_V_1.0_09082018_archivos\image032.png
SIG_QUINDIO_MUW_V_1.0_09082018_archivos\image030.png
SIG_QUINDIO_MUW_V_1.0_09082018_archivos\image028.png
SIG_QUINDIO_MUW_V_1.0_09082018_archivos\image001.png
SIG_QUINDIO_MUW_V_1.0_09082018_archivos\image026.png
SIG_QUINDIO_MUW_V_1.0_09082018_archivos\image024.png
SIG_QUINDIO_MUW_V_1.0_09082018_archivos\image022.png
SIG_QUINDIO_MUW_V_1.0_09082018_archivos\image020.png
SIG_QUINDIO_MUW_V_1.0_09082018_archivos\image018.png
SIG_QUINDIO_MUW_V_1.0_09082018_archivos\image017.png
SIG_QUINDIO_MUW_V_1.0_09082018_archivos\image015.png
SIG_QUINDIO_MUW_V_1.0_09082018_archivos\image013.png
SIG_QUINDIO_MUW_V_1.0_09082018_archivos\image011.png
SIG_QUINDIO_MUW_V_1.0_09082018_archivos\image009.png
SIG_QUINDIO_MUW_V_1.0_09082018_archivos\image007.png
SIG_QUINDIO_MUW_V_1.0_09082018_archivos\image005.png
SIG_QUINDIO_MUW_V_1.0_09082018_archivos\image003.png
SIG_QUINDIO_MUW_V_1.0_09082018_archivos\image002.png
template\Azure_Blue\previous_tab_active.png
template\Azure_Blue\next_mobile_active.png
template\Azure_Blue\slider_open_ltr.png
template\Azure_Blue\slider_ltr.png
template\Azure_Blue\next_active.png
template\Azure_Blue\slider_open_rtl.png
template\Azure_Blue\slider_rtl.png
template\Azure_Blue\filter_desktop.png
template\Azure_Blue\glossary_desktop.png
template\Azure_Blue\filter_tab.png
template\Azure_Blue\glossary_tab.png
template\Azure_Blue\andsearch_nomark.png
template\Azure_Blue\glossary_mobile.png
template\Azure_Blue\filter_mobile.png
template\Azure_Blue\filter_mark_radio.png
template\Azure_Blue\filter_mark.png
template\Azure_Blue\filter_nomark.png
template\Azure_Blue\toc_book_open_desktop.png
template\Azure_Blue\toc_book_open_drildown.png
template\Azure_Blue\andsearch_mark.png
template\Azure_Blue\filter_clearall.png
template\Azure_Blue\toc_book_closed_desktop.png
template\Azure_Blue\toc_book_closed_mobile.png
ehlpdhtm.js
RoboHHRE.lng
SearchOptions.xml
index.ppf
whxdata\toc2.js
whxdata\toc2.new.js
whxdata\toc3.js
whxdata\toc3.new.js
whxdata\toc4.js
whxdata\toc4.new.js
whxdata\toc5.js
whxdata\toc5.new.js
whxdata\toc1.js
whxdata\toc1.new.js
whxdata\toc.js
whxdata\toc.new.js
whxdata\idx.js
whxdata\idx.new.js
whxdata\glo.js
whxdata\glo.new.js
whxdata\package_0_xml.js
whxdata\package_1_xml.js
whxdata\package_2_xml.js
whxdata\package_3_xml.js
whxdata\package_4_xml.js
whxdata\package_5_xml.js
whxdata\package_6_xml.js
whxdata\package_7_xml.js
whxdata\package_8_xml.js
whxdata\package_9_xml.js
whxdata\package_10_xml.js
whxdata\package_11_xml.js
whxdata\package_12_xml.js
whxdata\package_13_xml.js
whxdata\packageindex_xml.js
whxdata\synonym.xml
whxdata\synonym_xml.js
whxdata\topictable_0_xml.js
whxdata\topictableindex_xml.js
whxdata\whfts.xml
whxdata\whfts_xml.js
whxdata\csh.js
whxdata\window.js
projectdata.js
